2020-05-31 15:26:58 [INFO] Connection: Connection opened
2020-05-31 15:26:58 [INFO] UdsClient: ReadDTCInformation<0x19> - Sending request with subfunction "reportDTCByStatusMask" (0x02).
2020-05-31 15:26:58 [DEBUG] Connection: Sending 3 bytes : [b'19020d']
2020-05-31 15:26:58 [DEBUG] Connection: Received 3 bytes : [b'5902ca']
2020-05-31 15:26:58 [INFO] UdsClient: Received positive response for service ReadDTCInformation (0x19) from server.
2020-05-31 15:26:58 [INFO] Connection: Connection closed
2020-05-31 15:27:22 [INFO] Connection: Connection opened
2020-05-31 15:27:22 [INFO] UdsClient: ReadDTCInformation<0x19> - Sending request with subfunction "reportDTCByStatusMask" (0x02).
2020-05-31 15:27:22 [DEBUG] Connection: Sending 3 bytes : [b'19020d']
2020-05-31 15:27:22 [DEBUG] Connection: Received 3 bytes : [b'5902ca']
2020-05-31 15:27:22 [INFO] UdsClient: Received positive response for service ReadDTCInformation (0x19) from server.
2020-05-31 15:28:29 [INFO] UdsClient: ReadDTCInformation<0x19> - Sending request with subfunction "reportDTCByStatusMask" (0x02).
2020-05-31 15:28:29 [DEBUG] Connection: Sending 3 bytes : [b'19020d']
2020-05-31 15:28:29 [DEBUG] Connection: Received 3 bytes : [b'5902ca']
2020-05-31 15:28:29 [INFO] UdsClient: Received positive response for service ReadDTCInformation (0x19) from server.
2020-05-31 15:30:32 [INFO] UdsClient: ReadDTCInformation<0x19> - Sending request with subfunction "reportDTCByStatusMask" (0x02).
2020-05-31 15:30:32 [DEBUG] Connection: Sending 3 bytes : [b'19020d']
2020-05-31 15:30:32 [DEBUG] Connection: Received 11 bytes : [b'5902ca9a61150a9a69150a']
2020-05-31 15:30:32 [INFO] UdsClient: Received positive response for service ReadDTCInformation (0x19) from server.
2020-05-31 15:30:32 [INFO] UdsClient: ReadDTCInformation<0x19> - Sending request with subfunction "reportDTCByStatusMask" (0x02).
2020-05-31 15:30:32 [DEBUG] Connection: Sending 3 bytes : [b'19020d']
2020-05-31 15:30:32 [DEBUG] Connection: Received 11 bytes : [b'5902ca9a61150a9a69150a']
2020-05-31 15:30:32 [INFO] UdsClient: Received positive response for service ReadDTCInformation (0x19) from server.
2020-05-31 15:30:52 [INFO] UdsClient: ReadDTCInformation<0x19> - Sending request with subfunction "reportDTCByStatusMask" (0x02).
2020-05-31 15:30:52 [DEBUG] Connection: Sending 3 bytes : [b'19020d']
2020-05-31 15:30:52 [DEBUG] Connection: Received 11 bytes : [b'5902ca9a61150a9a69150a']
2020-05-31 15:30:52 [INFO] UdsClient: Received positive response for service ReadDTCInformation (0x19) from server.
2020-05-31 15:30:52 [INFO] UdsClient: ReadDTCInformation<0x19> - Sending request with subfunction "reportDTCByStatusMask" (0x02).
2020-05-31 15:30:52 [DEBUG] Connection: Sending 3 bytes : [b'19020d']
2020-05-31 15:30:52 [DEBUG] Connection: Received 11 bytes : [b'5902ca9a61150a9a69150a']
2020-05-31 15:30:53 [INFO] UdsClient: Received positive response for service ReadDTCInformation (0x19) from server.
2020-05-31 15:30:53 [INFO] UdsClient: ReadDTCInformation<0x19> - Sending request with subfunction "reportDTCByStatusMask" (0x02).
2020-05-31 15:30:53 [DEBUG] Connection: Sending 3 bytes : [b'19020d']
2020-05-31 15:30:53 [DEBUG] Connection: Received 11 bytes : [b'5902ca9a61150a9a69150a']
2020-05-31 15:30:53 [INFO] UdsClient: Received positive response for service ReadDTCInformation (0x19) from server.
2020-05-31 15:30:59 [INFO] UdsClient: ReadDTCInformation<0x19> - Sending request with subfunction "reportDTCByStatusMask" (0x02).
2020-05-31 15:30:59 [DEBUG] Connection: Sending 3 bytes : [b'19020d']
2020-05-31 15:30:59 [DEBUG] Connection: Received 11 bytes : [b'5902ca9a61150a9a69150a']
2020-05-31 15:30:59 [INFO] UdsClient: Received positive response for service ReadDTCInformation (0x19) from server.
2020-05-31 15:30:59 [INFO] UdsClient: ReadDTCInformation<0x19> - Sending request with subfunction "reportDTCByStatusMask" (0x02).
2020-05-31 15:30:59 [DEBUG] Connection: Sending 3 bytes : [b'19020d']
2020-05-31 15:30:59 [DEBUG] Connection: Received 11 bytes : [b'5902ca9a61150a9a69150a']
2020-05-31 15:30:59 [INFO] UdsClient: Received positive response for service ReadDTCInformation (0x19) from server.
2020-05-31 15:31:34 [INFO] UdsClient: ReadDTCInformation<0x19> - Sending request with subfunction "reportDTCByStatusMask" (0x02).
2020-05-31 15:31:34 [DEBUG] Connection: Sending 3 bytes : [b'19020d']
2020-05-31 15:31:34 [DEBUG] Connection: Received 11 bytes : [b'5902ca9a61150a9a69150a']
2020-05-31 15:31:34 [INFO] UdsClient: Received positive response for service ReadDTCInformation (0x19) from server.
2020-05-31 15:39:57 [INFO] UdsClient: ECUReset<0x11> - Requesting reset of type 0x01 (hardReset)
2020-05-31 15:39:57 [DEBUG] Connection: Sending 2 bytes : [b'1101']
2020-05-31 15:39:57 [DEBUG] Connection: Received 2 bytes : [b'5101']
2020-05-31 15:39:57 [INFO] UdsClient: Received positive response for service ECUReset (0x11) from server.
2020-05-31 15:42:46 [INFO] UdsClient: ReadDTCInformation<0x19> - Sending request with subfunction "reportDTCByStatusMask" (0x02).
2020-05-31 15:42:46 [DEBUG] Connection: Sending 3 bytes : [b'19020d']
2020-05-31 15:42:46 [DEBUG] Connection: Received 11 bytes : [b'5902ca9a6115089a691508']
2020-05-31 15:42:46 [INFO] UdsClient: Received positive response for service ReadDTCInformation (0x19) from server.
2020-05-31 15:44:03 [INFO] UdsClient: ClearDiagnosticInformation<0x14> - Clearing all DTCs (group mask : 0xFFFFFF)
2020-05-31 15:44:03 [DEBUG] Connection: Sending 4 bytes : [b'14ffffff']
2020-05-31 15:44:04 [DEBUG] Connection: Received 3 bytes : [b'7f1478']
2020-05-31 15:44:04 [DEBUG] Connection: Received 1 bytes : [b'54']
2020-05-31 15:44:04 [INFO] UdsClient: Received positive response for service ClearDiagnosticInformation (0x14) from server.
2020-05-31 15:44:28 [INFO] UdsClient: ReadDTCInformation<0x19> - Sending request with subfunction "reportDTCByStatusMask" (0x02).
2020-05-31 15:44:28 [DEBUG] Connection: Sending 3 bytes : [b'19020d']
2020-05-31 15:44:28 [DEBUG] Connection: Received 3 bytes : [b'5902ca']
2020-05-31 15:44:28 [INFO] UdsClient: Received positive response for service ReadDTCInformation (0x19) from server.
2020-05-31 15:47:12 [ERROR] UdsClient: [ConfigError] : Actual data identifier configuration contains no definition for data identifier 0x00f1
2020-05-31 15:47:40 [ERROR] UdsClient: [ConfigError] : Actual data identifier configuration contains no definition for data identifier 0xf18c
2020-05-31 15:48:04 [ERROR] UdsClient: [ConfigError] : Actual data identifier configuration contains no definition for data identifier 0xf188
2020-05-31 15:48:26 [ERROR] UdsClient: [ConfigError] : Actual data identifier configuration contains no definition for data identifier 0xf188
2020-05-31 15:50:04 [ERROR] UdsClient: [ConfigError] : Actual data identifier configuration contains no definition for data identifier 0xf188
2020-05-31 15:50:04 [ERROR] UdsClient: [ConfigError] : Actual data identifier configuration contains no definition for data identifier 0xf188
2020-05-31 15:50:27 [ERROR] UdsClient: [ConfigError] : Actual data identifier configuration contains no definition for data identifier 0xf188
2020-05-31 15:50:27 [ERROR] UdsClient: [ConfigError] : Actual data identifier configuration contains no definition for data identifier 0xf188
2020-05-31 15:51:25 [ERROR] UdsClient: [ConfigError] : Actual data identifier configuration contains no definition for data identifier 0xf188
2020-05-31 15:51:25 [ERROR] UdsClient: [ConfigError] : Actual data identifier configuration contains no definition for data identifier 0xf188
2020-05-31 15:51:39 [INFO] UdsClient: ReadDTCInformation<0x19> - Sending request with subfunction "reportDTCByStatusMask" (0x02).
2020-05-31 15:51:39 [DEBUG] Connection: Sending 3 bytes : [b'19020d']
2020-05-31 15:51:39 [DEBUG] Connection: Received 3 bytes : [b'5902ca']
2020-05-31 15:51:39 [INFO] UdsClient: Received positive response for service ReadDTCInformation (0x19) from server.
2020-05-31 15:53:10 [INFO] UdsClient: ECUReset<0x11> - Requesting reset of type 0x01 (hardReset)
2020-05-31 15:53:10 [DEBUG] Connection: Sending 2 bytes : [b'1101']
2020-05-31 15:53:10 [DEBUG] Connection: Received 2 bytes : [b'5101']
2020-05-31 15:53:10 [INFO] UdsClient: Received positive response for service ECUReset (0x11) from server.
2020-05-31 15:54:56 [INFO] UdsClient: ReadDTCInformation<0x19> - Sending request with subfunction "reportDTCByStatusMask" (0x02).
2020-05-31 15:54:56 [DEBUG] Connection: Sending 3 bytes : [b'19020d']
2020-05-31 15:54:56 [DEBUG] Connection: Received 3 bytes : [b'5902ca']
2020-05-31 15:54:56 [INFO] UdsClient: Received positive response for service ReadDTCInformation (0x19) from server.
2020-05-31 15:55:13 [INFO] UdsClient: ReadDTCInformation<0x19> - Sending request with subfunction "reportDTCByStatusMask" (0x02).
2020-05-31 15:55:13 [DEBUG] Connection: Sending 3 bytes : [b'19020d']
2020-05-31 15:55:13 [DEBUG] Connection: Received 11 bytes : [b'5902ca9a61150a9a69150a']
2020-05-31 15:55:13 [INFO] UdsClient: Received positive response for service ReadDTCInformation (0x19) from server.
2020-05-31 15:56:23 [INFO] UdsClient: ClearDiagnosticInformation<0x14> - Clearing all DTCs (group mask : 0xFFFFFF)
2020-05-31 15:56:23 [DEBUG] Connection: Sending 4 bytes : [b'14ffffff']
2020-05-31 15:56:23 [DEBUG] Connection: Received 3 bytes : [b'7f1478']
2020-05-31 15:56:23 [DEBUG] Connection: Received 1 bytes : [b'54']
2020-05-31 15:56:23 [INFO] UdsClient: Received positive response for service ClearDiagnosticInformation (0x14) from server.
2020-05-31 15:56:31 [INFO] UdsClient: ReadDTCInformation<0x19> - Sending request with subfunction "reportDTCByStatusMask" (0x02).
2020-05-31 15:56:31 [DEBUG] Connection: Sending 3 bytes : [b'19020d']
2020-05-31 15:56:31 [DEBUG] Connection: Received 3 bytes : [b'5902ca']
2020-05-31 15:56:31 [INFO] UdsClient: Received positive response for service ReadDTCInformation (0x19) from server.
2020-05-31 15:57:17 [INFO] Connection: Connection closed
2020-05-31 15:57:50 [INFO] Connection: Connection opened
2020-05-31 15:57:50 [INFO] UdsClient: ReadDTCInformation<0x19> - Sending request with subfunction "reportDTCByStatusMask" (0x02).
2020-05-31 15:57:50 [DEBUG] Connection: Sending 3 bytes : [b'19020d']
2020-05-31 15:57:50 [DEBUG] Connection: Received 11 bytes : [b'5902ca9a61150a9a69150a']
2020-05-31 15:57:50 [INFO] UdsClient: Received positive response for service ReadDTCInformation (0x19) from server.
2020-05-31 15:57:50 [INFO] Connection: Connection closed
2020-05-31 16:01:04 [INFO] UdsClient: ClearDiagnosticInformation<0x14> - Clearing all DTCs (group mask : 0xFFFFFF)
2020-05-31 16:01:04 [DEBUG] Connection: Sending 4 bytes : [b'14ffffff']
2020-05-31 16:01:04 [DEBUG] Connection: No data received: [RuntimeError] - Connection is not open 
2020-05-31 16:01:04 [ERROR] UdsClient: [RuntimeError] : Connection is not open
2020-05-31 16:01:18 [INFO] Connection: Connection opened
2020-05-31 16:01:18 [INFO] UdsClient: ReadDTCInformation<0x19> - Sending request with subfunction "reportDTCByStatusMask" (0x02).
2020-05-31 16:01:18 [DEBUG] Connection: Sending 3 bytes : [b'19020d']
2020-05-31 16:01:18 [DEBUG] Connection: Received 11 bytes : [b'5902ca9a61150a9a69150a']
2020-05-31 16:01:18 [INFO] UdsClient: Received positive response for service ReadDTCInformation (0x19) from server.
2020-05-31 16:01:26 [INFO] UdsClient: ClearDiagnosticInformation<0x14> - Clearing all DTCs (group mask : 0xFFFFFF)
2020-05-31 16:01:26 [DEBUG] Connection: Sending 4 bytes : [b'14ffffff']
2020-05-31 16:01:26 [DEBUG] Connection: Received 3 bytes : [b'7f1478']
2020-05-31 16:01:27 [DEBUG] Connection: Received 1 bytes : [b'54']
2020-05-31 16:01:27 [INFO] UdsClient: Received positive response for service ClearDiagnosticInformation (0x14) from server.
2020-05-31 16:01:57 [INFO] UdsClient: ClearDiagnosticInformation<0x14> - Clearing all DTCs (group mask : 0xFFFFFF)
2020-05-31 16:01:57 [DEBUG] Connection: Sending 4 bytes : [b'14ffffff']
2020-05-31 16:01:57 [DEBUG] Connection: Received 3 bytes : [b'7f1478']
2020-05-31 16:01:57 [DEBUG] Connection: Received 1 bytes : [b'54']
2020-05-31 16:01:57 [INFO] UdsClient: Received positive response for service ClearDiagnosticInformation (0x14) from server.
2020-05-31 16:02:08 [INFO] UdsClient: ReadDTCInformation<0x19> - Sending request with subfunction "reportDTCByStatusMask" (0x02).
2020-05-31 16:02:08 [DEBUG] Connection: Sending 3 bytes : [b'19020d']
2020-05-31 16:02:08 [DEBUG] Connection: Received 3 bytes : [b'5902ca']
2020-05-31 16:02:08 [INFO] UdsClient: Received positive response for service ReadDTCInformation (0x19) from server.
2020-05-31 16:03:24 [INFO] Connection: Connection closed
2020-05-31 16:04:04 [INFO] Connection: Connection opened
2020-05-31 16:04:04 [INFO] UdsClient: ReadDTCInformation<0x19> - Sending request with subfunction "reportDTCByStatusMask" (0x02).
2020-05-31 16:04:04 [DEBUG] Connection: Sending 3 bytes : [b'19020d']
2020-05-31 16:04:04 [DEBUG] Connection: Received 3 bytes : [b'5902ca']
2020-05-31 16:04:04 [INFO] UdsClient: Received positive response for service ReadDTCInformation (0x19) from server.
2020-05-31 16:08:37 [INFO] Connection: Connection closed
2020-05-31 16:08:44 [INFO] Connection: Connection opened
2020-05-31 16:08:44 [INFO] UdsClient: ReadDTCInformation<0x19> - Sending request with subfunction "reportDTCByStatusMask" (0x02).
2020-05-31 16:08:44 [DEBUG] Connection: Sending 3 bytes : [b'19020d']
2020-05-31 16:08:44 [DEBUG] Connection: Received 3 bytes : [b'5902ca']
2020-05-31 16:08:44 [INFO] UdsClient: Received positive response for service ReadDTCInformation (0x19) from server.
2020-05-31 16:09:08 [INFO] Connection: Connection closed
2020-05-31 16:09:25 [INFO] Connection: Connection opened
2020-05-31 16:09:25 [INFO] UdsClient: ReadDTCInformation<0x19> - Sending request with subfunction "reportDTCByStatusMask" (0x02).
2020-05-31 16:09:25 [DEBUG] Connection: Sending 3 bytes : [b'19020d']
2020-05-31 16:09:25 [DEBUG] Connection: Received 3 bytes : [b'5902ca']
2020-05-31 16:09:25 [INFO] UdsClient: Received positive response for service ReadDTCInformation (0x19) from server.
2020-05-31 16:09:25 [INFO] Connection: Connection closed
2020-05-31 16:09:49 [INFO] Connection: Connection opened
2020-05-31 16:09:49 [INFO] UdsClient: ReadDTCInformation<0x19> - Sending request with subfunction "reportDTCByStatusMask" (0x02).
2020-05-31 16:09:49 [DEBUG] Connection: Sending 3 bytes : [b'19020d']
2020-05-31 16:09:49 [DEBUG] Connection: Received 11 bytes : [b'5902ca9a61150a9a69150a']
2020-05-31 16:09:49 [INFO] UdsClient: Received positive response for service ReadDTCInformation (0x19) from server.
2020-05-31 16:09:50 [INFO] Connection: Connection closed
2020-05-31 19:06:57 [INFO] Connection: Connection opened
2020-05-31 19:06:57 [INFO] UdsClient: ReadDataByIdentifier<0x22> - Reading data identifier : 0xf190 (VINDataIdentifier)
2020-05-31 19:06:57 [DEBUG] Connection: Sending 3 bytes : [b'22f190']
2020-05-31 19:06:58 [DEBUG] Connection: No data received: [TimeoutException] - Did not receive frame IsoTP Transport layer in time (timeout=1 sec) 
2020-05-31 19:06:58 [ERROR] UdsClient: [TimeoutException] : Did not receive response in time. P2 timeout time has expired (timeout=1.000 sec)
2020-05-31 19:06:58 [INFO] Connection: Connection closed
2020-05-31 19:25:38 [INFO] Connection: Connection opened
2020-05-31 19:25:38 [INFO] UdsClient: ReadDataByIdentifier<0x22> - Reading data identifier : 0xf190 (VINDataIdentifier)
2020-05-31 19:25:38 [DEBUG] Connection: Sending 3 bytes : [b'22f190']
2020-05-31 19:25:39 [DEBUG] Connection: No data received: [TimeoutException] - Did not receive frame IsoTP Transport layer in time (timeout=1 sec) 
2020-05-31 19:25:39 [ERROR] UdsClient: [TimeoutException] : Did not receive response in time. P2 timeout time has expired (timeout=1.000 sec)
2020-05-31 19:25:39 [INFO] Connection: Connection closed
2020-05-31 19:29:25 [INFO] Connection: Connection opened
2020-05-31 19:29:25 [INFO] UdsClient: ReadDataByIdentifier<0x22> - Reading data identifier : 0xf190 (VINDataIdentifier)
2020-05-31 19:29:25 [DEBUG] Connection: Sending 3 bytes : [b'22f190']
2020-05-31 19:29:26 [DEBUG] Connection: Received 3 bytes : [b'7f2231']
2020-05-31 19:29:26 [WARNING] UdsClient: [NegativeResponseException] : ReadDataByIdentifier service execution returned a negative response RequestOutOfRange (0x31)
2020-05-31 19:29:26 [INFO] Connection: Connection closed
2020-05-31 19:30:57 [INFO] Connection: Connection opened
2020-05-31 19:30:57 [INFO] UdsClient: ReadDataByIdentifier<0x22> - Reading data identifier : 0xf188 (VehicleManufacturerECUSoftwareNumberDataIdentifier)
2020-05-31 19:30:57 [DEBUG] Connection: Sending 3 bytes : [b'22f188']
2020-05-31 19:30:57 [DEBUG] Connection: Received 27 bytes : [b'62f188485337542d3134473132312d444200000000000000000000']
2020-05-31 19:30:57 [INFO] UdsClient: Received positive response for service ReadDataByIdentifier (0x22) from server.
2020-05-31 19:30:57 [INFO] Connection: Connection closed
2020-05-31 19:31:26 [INFO] Connection: Connection opened
2020-05-31 19:31:26 [INFO] UdsClient: ReadDataByIdentifier<0x22> - Reading data identifier : 0xf188 (VehicleManufacturerECUSoftwareNumberDataIdentifier)
2020-05-31 19:31:26 [DEBUG] Connection: Sending 3 bytes : [b'22f188']
2020-05-31 19:31:26 [DEBUG] Connection: Received 27 bytes : [b'62f188485337542d3134473132312d444200000000000000000000']
2020-05-31 19:31:26 [INFO] UdsClient: Received positive response for service ReadDataByIdentifier (0x22) from server.
2020-05-31 19:31:26 [INFO] Connection: Connection closed
2020-05-31 19:31:54 [INFO] Connection: Connection opened
2020-05-31 19:31:54 [INFO] UdsClient: ReadDataByIdentifier<0x22> - Reading data identifier : 0xf188 (VehicleManufacturerECUSoftwareNumberDataIdentifier)
2020-05-31 19:31:54 [DEBUG] Connection: Sending 3 bytes : [b'22f188']
2020-05-31 19:31:54 [DEBUG] Connection: Received 27 bytes : [b'62f188485337542d3134473132312d444200000000000000000000']
2020-05-31 19:31:54 [INFO] UdsClient: Received positive response for service ReadDataByIdentifier (0x22) from server.
2020-05-31 19:31:54 [INFO] UdsClient: ReadDataByIdentifier<0x22> - Reading data identifier : 0xf188 (VehicleManufacturerECUSoftwareNumberDataIdentifier)
2020-05-31 19:31:54 [DEBUG] Connection: Sending 3 bytes : [b'22f188']
2020-05-31 19:31:54 [DEBUG] Connection: Received 27 bytes : [b'62f188485337542d3134473132312d444200000000000000000000']
2020-05-31 19:31:54 [INFO] UdsClient: Received positive response for service ReadDataByIdentifier (0x22) from server.
2020-05-31 19:31:54 [INFO] Connection: Connection closed
2020-05-31 19:36:16 [INFO] Connection: Connection opened
2020-05-31 19:36:16 [INFO] UdsClient: ReadDataByIdentifier<0x22> - Reading data identifier : 0xf188 (VehicleManufacturerECUSoftwareNumberDataIdentifier)
2020-05-31 19:36:16 [DEBUG] Connection: Sending 3 bytes : [b'22f188']
2020-05-31 19:36:16 [DEBUG] Connection: Received 27 bytes : [b'62f188485337542d3134473132312d444200000000000000000000']
2020-05-31 19:36:16 [INFO] UdsClient: Received positive response for service ReadDataByIdentifier (0x22) from server.
2020-05-31 19:36:16 [INFO] UdsClient: ReadDataByIdentifier<0x22> - Reading data identifier : 0xf18c (ECUSerialNumberDataIdentifier)
2020-05-31 19:36:16 [DEBUG] Connection: Sending 3 bytes : [b'22f18c']
2020-05-31 19:36:17 [DEBUG] Connection: Received 19 bytes : [b'62f18c303234362d3334303600000000000000']
2020-05-31 19:36:17 [INFO] UdsClient: Received positive response for service ReadDataByIdentifier (0x22) from server.
2020-05-31 19:36:17 [INFO] Connection: Connection closed
2020-05-31 19:37:35 [INFO] Connection: Connection opened
2020-05-31 19:37:36 [INFO] UdsClient: ReadDataByIdentifier<0x22> - Reading data identifier : 0xf188 (VehicleManufacturerECUSoftwareNumberDataIdentifier)
2020-05-31 19:37:36 [DEBUG] Connection: Sending 3 bytes : [b'22f188']
2020-05-31 19:37:36 [DEBUG] Connection: Received 27 bytes : [b'62f188485337542d3134473132312d444200000000000000000000']
2020-05-31 19:37:36 [INFO] UdsClient: Received positive response for service ReadDataByIdentifier (0x22) from server.
2020-05-31 19:37:36 [INFO] UdsClient: ReadDataByIdentifier<0x22> - Reading data identifier : 0xf18c (ECUSerialNumberDataIdentifier)
2020-05-31 19:37:36 [DEBUG] Connection: Sending 3 bytes : [b'22f18c']
2020-05-31 19:37:36 [DEBUG] Connection: Received 19 bytes : [b'62f18c303234362d3334303600000000000000']
2020-05-31 19:37:36 [INFO] UdsClient: Received positive response for service ReadDataByIdentifier (0x22) from server.
2020-05-31 19:37:36 [INFO] UdsClient: ReadDataByIdentifier<0x22> - Reading data identifier : 0xf188 (VehicleManufacturerECUSoftwareNumberDataIdentifier)
2020-05-31 19:37:36 [DEBUG] Connection: Sending 3 bytes : [b'22f188']
2020-05-31 19:37:36 [DEBUG] Connection: Received 27 bytes : [b'62f188485337542d3134473132312d444200000000000000000000']
2020-05-31 19:37:36 [INFO] UdsClient: Received positive response for service ReadDataByIdentifier (0x22) from server.
2020-05-31 19:37:36 [INFO] UdsClient: ReadDataByIdentifier<0x22> - Reading data identifier : 0xf18c (ECUSerialNumberDataIdentifier)
2020-05-31 19:37:36 [DEBUG] Connection: Sending 3 bytes : [b'22f18c']
2020-05-31 19:37:37 [DEBUG] Connection: Received 19 bytes : [b'62f18c303234362d3334303600000000000000']
2020-05-31 19:37:37 [INFO] UdsClient: Received positive response for service ReadDataByIdentifier (0x22) from server.
2020-05-31 19:37:37 [INFO] Connection: Connection closed
2020-05-31 19:38:58 [INFO] Connection: Connection opened
2020-05-31 19:38:58 [INFO] UdsClient: ReadDataByIdentifier<0x22> - Reading data identifier : 0xf188 (VehicleManufacturerECUSoftwareNumberDataIdentifier)
2020-05-31 19:38:58 [DEBUG] Connection: Sending 3 bytes : [b'22f188']
2020-05-31 19:38:58 [DEBUG] Connection: Received 27 bytes : [b'62f188485337542d3134473132312d444200000000000000000000']
2020-05-31 19:38:58 [INFO] UdsClient: Received positive response for service ReadDataByIdentifier (0x22) from server.
2020-05-31 19:38:58 [INFO] UdsClient: ReadDataByIdentifier<0x22> - Reading data identifier : 0xf18c (ECUSerialNumberDataIdentifier)
2020-05-31 19:38:58 [DEBUG] Connection: Sending 3 bytes : [b'22f18c']
2020-05-31 19:38:58 [DEBUG] Connection: Received 19 bytes : [b'62f18c303234362d3334303600000000000000']
2020-05-31 19:38:58 [INFO] UdsClient: Received positive response for service ReadDataByIdentifier (0x22) from server.
2020-05-31 19:40:06 [INFO] UdsClient: ReadDataByIdentifier<0x22> - Reading data identifier : 0xf188 (VehicleManufacturerECUSoftwareNumberDataIdentifier)
2020-05-31 19:40:06 [DEBUG] Connection: Sending 3 bytes : [b'22f188']
2020-05-31 19:40:07 [DEBUG] Connection: Received 27 bytes : [b'62f188485337542d3134473132312d444200000000000000000000']
2020-05-31 19:40:07 [INFO] UdsClient: Received positive response for service ReadDataByIdentifier (0x22) from server.
2020-05-31 19:41:38 [INFO] UdsClient: ReadDataByIdentifier<0x22> - Reading data identifier : 0xf18c (ECUSerialNumberDataIdentifier)
2020-05-31 19:41:38 [DEBUG] Connection: Sending 3 bytes : [b'22f18c']
2020-05-31 19:41:38 [DEBUG] Connection: Received 19 bytes : [b'62f18c303234362d3334303600000000000000']
2020-05-31 19:41:38 [INFO] UdsClient: Received positive response for service ReadDataByIdentifier (0x22) from server.
2020-05-31 19:43:53 [INFO] Connection: Connection opened
2020-05-31 19:43:53 [INFO] UdsClient: ReadDataByIdentifier<0x22> - Reading data identifier : 0xf188 (VehicleManufacturerECUSoftwareNumberDataIdentifier)
2020-05-31 19:43:53 [DEBUG] Connection: Sending 3 bytes : [b'22f188']
2020-05-31 19:43:54 [DEBUG] Connection: Received 27 bytes : [b'62f188485337542d3134473132312d444200000000000000000000']
2020-05-31 19:43:54 [INFO] UdsClient: Received positive response for service ReadDataByIdentifier (0x22) from server.
2020-05-31 19:43:54 [INFO] UdsClient: ReadDataByIdentifier<0x22> - Reading data identifier : 0xf18c (ECUSerialNumberDataIdentifier)
2020-05-31 19:43:54 [DEBUG] Connection: Sending 3 bytes : [b'22f18c']
2020-05-31 19:43:54 [DEBUG] Connection: Received 19 bytes : [b'62f18c303234362d3334303600000000000000']
2020-05-31 19:43:54 [INFO] UdsClient: Received positive response for service ReadDataByIdentifier (0x22) from server.
2020-05-31 19:44:12 [INFO] UdsClient: ReadDataByIdentifier<0x22> - Reading data identifier : 0xf188 (VehicleManufacturerECUSoftwareNumberDataIdentifier)
2020-05-31 19:44:12 [DEBUG] Connection: Sending 3 bytes : [b'22f188']
2020-05-31 19:44:12 [DEBUG] Connection: Received 27 bytes : [b'62f188485337542d3134473132312d444200000000000000000000']
2020-05-31 19:44:12 [INFO] UdsClient: Received positive response for service ReadDataByIdentifier (0x22) from server.
2020-05-31 19:44:12 [INFO] UdsClient: ReadDataByIdentifier<0x22> - Reading data identifier : 0xf18c (ECUSerialNumberDataIdentifier)
2020-05-31 19:44:12 [DEBUG] Connection: Sending 3 bytes : [b'22f18c']
2020-05-31 19:44:12 [DEBUG] Connection: Received 19 bytes : [b'62f18c303234362d3334303600000000000000']
2020-05-31 19:44:12 [INFO] UdsClient: Received positive response for service ReadDataByIdentifier (0x22) from server.
2020-05-31 19:44:12 [INFO] Connection: Connection closed
2020-05-31 19:44:28 [INFO] Connection: Connection opened
2020-05-31 19:44:28 [INFO] UdsClient: ReadDataByIdentifier<0x22> - Reading data identifier : 0xf188 (VehicleManufacturerECUSoftwareNumberDataIdentifier)
2020-05-31 19:44:28 [DEBUG] Connection: Sending 3 bytes : [b'22f188']
2020-05-31 19:44:28 [DEBUG] Connection: Received 27 bytes : [b'62f188485337542d3134473132312d444200000000000000000000']
2020-05-31 19:44:28 [INFO] UdsClient: Received positive response for service ReadDataByIdentifier (0x22) from server.
2020-05-31 19:44:28 [INFO] UdsClient: ReadDataByIdentifier<0x22> - Reading data identifier : 0xf18c (ECUSerialNumberDataIdentifier)
2020-05-31 19:44:28 [DEBUG] Connection: Sending 3 bytes : [b'22f18c']
2020-05-31 19:44:28 [DEBUG] Connection: Received 19 bytes : [b'62f18c303234362d3334303600000000000000']
2020-05-31 19:44:28 [INFO] UdsClient: Received positive response for service ReadDataByIdentifier (0x22) from server.
2020-05-31 19:44:35 [INFO] UdsClient: ReadDataByIdentifier<0x22> - Reading data identifier : 0xf188 (VehicleManufacturerECUSoftwareNumberDataIdentifier)
2020-05-31 19:44:35 [DEBUG] Connection: Sending 3 bytes : [b'22f188']
2020-05-31 19:44:35 [DEBUG] Connection: Received 27 bytes : [b'62f188485337542d3134473132312d444200000000000000000000']
2020-05-31 19:44:35 [INFO] UdsClient: Received positive response for service ReadDataByIdentifier (0x22) from server.
2020-05-31 19:44:35 [INFO] UdsClient: ReadDataByIdentifier<0x22> - Reading data identifier : 0xf18c (ECUSerialNumberDataIdentifier)
2020-05-31 19:44:35 [DEBUG] Connection: Sending 3 bytes : [b'22f18c']
2020-05-31 19:44:35 [DEBUG] Connection: Received 19 bytes : [b'62f18c303234362d3334303600000000000000']
2020-05-31 19:44:35 [INFO] UdsClient: Received positive response for service ReadDataByIdentifier (0x22) from server.
2020-05-31 19:44:35 [INFO] Connection: Connection closed
2020-05-31 19:46:11 [INFO] Connection: Connection opened
2020-05-31 19:46:11 [INFO] UdsClient: ReadDataByIdentifier<0x22> - Reading data identifier : 0xf188 (VehicleManufacturerECUSoftwareNumberDataIdentifier)
2020-05-31 19:46:11 [DEBUG] Connection: Sending 3 bytes : [b'22f188']
2020-05-31 19:46:12 [DEBUG] Connection: Received 27 bytes : [b'62f188485337542d3134473132312d444200000000000000000000']
2020-05-31 19:46:12 [INFO] UdsClient: Received positive response for service ReadDataByIdentifier (0x22) from server.
2020-05-31 19:46:12 [INFO] UdsClient: ReadDataByIdentifier<0x22> - Reading data identifier : 0xf18c (ECUSerialNumberDataIdentifier)
2020-05-31 19:46:12 [DEBUG] Connection: Sending 3 bytes : [b'22f18c']
2020-05-31 19:46:12 [DEBUG] Connection: Received 19 bytes : [b'62f18c303234362d3334303600000000000000']
2020-05-31 19:46:12 [INFO] UdsClient: Received positive response for service ReadDataByIdentifier (0x22) from server.
2020-05-31 19:47:02 [INFO] Connection: Connection opened
2020-05-31 19:47:02 [INFO] UdsClient: ReadDataByIdentifier<0x22> - Reading data identifier : 0xf188 (VehicleManufacturerECUSoftwareNumberDataIdentifier)
2020-05-31 19:47:02 [DEBUG] Connection: Sending 3 bytes : [b'22f188']
2020-05-31 19:47:03 [DEBUG] Connection: Received 27 bytes : [b'62f188485337542d3134473132312d444200000000000000000000']
2020-05-31 19:47:03 [INFO] UdsClient: Received positive response for service ReadDataByIdentifier (0x22) from server.
2020-05-31 19:47:03 [INFO] UdsClient: ReadDataByIdentifier<0x22> - Reading data identifier : 0xf18c (ECUSerialNumberDataIdentifier)
2020-05-31 19:47:03 [DEBUG] Connection: Sending 3 bytes : [b'22f18c']
2020-05-31 19:47:03 [DEBUG] Connection: Received 19 bytes : [b'62f18c303234362d3334303600000000000000']
2020-05-31 19:47:03 [INFO] UdsClient: Received positive response for service ReadDataByIdentifier (0x22) from server.
2020-05-31 19:47:19 [INFO] Connection: Connection opened
2020-05-31 19:47:19 [INFO] UdsClient: ReadDataByIdentifier<0x22> - Reading data identifier : 0xf188 (VehicleManufacturerECUSoftwareNumberDataIdentifier)
2020-05-31 19:47:19 [DEBUG] Connection: Sending 3 bytes : [b'22f188']
2020-05-31 19:47:19 [DEBUG] Connection: Received 27 bytes : [b'62f188485337542d3134473132312d444200000000000000000000']
2020-05-31 19:47:19 [INFO] UdsClient: Received positive response for service ReadDataByIdentifier (0x22) from server.
2020-05-31 19:48:16 [INFO] Connection: Connection opened
2020-05-31 19:48:16 [INFO] UdsClient: ReadDataByIdentifier<0x22> - Reading data identifier : 0xf188 (VehicleManufacturerECUSoftwareNumberDataIdentifier)
2020-05-31 19:48:16 [DEBUG] Connection: Sending 3 bytes : [b'22f188']
2020-05-31 19:48:17 [DEBUG] Connection: Received 27 bytes : [b'62f188485337542d3134473132312d444200000000000000000000']
2020-05-31 19:48:17 [INFO] UdsClient: Received positive response for service ReadDataByIdentifier (0x22) from server.
2020-05-31 19:48:17 [INFO] UdsClient: ReadDataByIdentifier<0x22> - Reading data identifier : 0xf18c (ECUSerialNumberDataIdentifier)
2020-05-31 19:48:17 [DEBUG] Connection: Sending 3 bytes : [b'22f18c']
2020-05-31 19:48:17 [DEBUG] Connection: Received 19 bytes : [b'62f18c303234362d3334303600000000000000']
2020-05-31 19:48:17 [INFO] UdsClient: Received positive response for service ReadDataByIdentifier (0x22) from server.
2020-05-31 19:50:41 [INFO] Connection: Connection opened
2020-05-31 19:50:41 [INFO] UdsClient: ReadDataByIdentifier<0x22> - Reading data identifier : 0xf188 (VehicleManufacturerECUSoftwareNumberDataIdentifier)
2020-05-31 19:50:41 [DEBUG] Connection: Sending 3 bytes : [b'22f188']
2020-05-31 19:50:41 [DEBUG] Connection: Received 27 bytes : [b'62f188485337542d3134473132312d444200000000000000000000']
2020-05-31 19:50:41 [INFO] UdsClient: Received positive response for service ReadDataByIdentifier (0x22) from server.
2020-05-31 19:50:41 [INFO] UdsClient: ReadDataByIdentifier<0x22> - Reading data identifier : 0xf18c (ECUSerialNumberDataIdentifier)
2020-05-31 19:50:41 [DEBUG] Connection: Sending 3 bytes : [b'22f18c']
2020-05-31 19:50:41 [DEBUG] Connection: Received 19 bytes : [b'62f18c303234362d3334303600000000000000']
2020-05-31 19:50:41 [INFO] UdsClient: Received positive response for service ReadDataByIdentifier (0x22) from server.
2020-05-31 19:52:48 [INFO] UdsClient: ReadDataByIdentifier<0x22> - Reading data identifier : 0xf188 (VehicleManufacturerECUSoftwareNumberDataIdentifier)
2020-05-31 19:52:48 [DEBUG] Connection: Sending 3 bytes : [b'22f188']
2020-05-31 19:52:49 [DEBUG] Connection: Received 27 bytes : [b'62f188485337542d3134473132312d444200000000000000000000']
2020-05-31 19:52:49 [INFO] UdsClient: Received positive response for service ReadDataByIdentifier (0x22) from server.
2020-05-31 19:52:49 [INFO] UdsClient: ReadDataByIdentifier<0x22> - Reading data identifier : 0xf18c (ECUSerialNumberDataIdentifier)
2020-05-31 19:52:49 [DEBUG] Connection: Sending 3 bytes : [b'22f18c']
2020-05-31 19:52:49 [DEBUG] Connection: Received 19 bytes : [b'62f18c303234362d3334303600000000000000']
2020-05-31 19:52:49 [INFO] UdsClient: Received positive response for service ReadDataByIdentifier (0x22) from server.
2020-05-31 19:52:49 [INFO] Connection: Connection closed
2020-05-31 20:53:08 [INFO] Connection: Connection opened
2020-05-31 20:53:09 [INFO] UdsClient: ReadDataByIdentifier<0x22> - Reading data identifier : 0xf188 (VehicleManufacturerECUSoftwareNumberDataIdentifier)
2020-05-31 20:53:09 [DEBUG] Connection: Sending 3 bytes : [b'22f188']
2020-05-31 20:53:09 [DEBUG] Connection: Received 27 bytes : [b'62f188485337542d3134473132312d444200000000000000000000']
2020-05-31 20:53:09 [INFO] UdsClient: Received positive response for service ReadDataByIdentifier (0x22) from server.
2020-05-31 20:53:09 [INFO] UdsClient: ReadDataByIdentifier<0x22> - Reading data identifier : 0xf18c (ECUSerialNumberDataIdentifier)
2020-05-31 20:53:09 [DEBUG] Connection: Sending 3 bytes : [b'22f18c']
2020-05-31 20:53:09 [DEBUG] Connection: Received 19 bytes : [b'62f18c303234362d3334303600000000000000']
2020-05-31 20:53:09 [INFO] UdsClient: Received positive response for service ReadDataByIdentifier (0x22) from server.
2020-05-31 20:54:12 [INFO] Connection: Connection opened
2020-05-31 20:54:12 [INFO] UdsClient: ReadDataByIdentifier<0x22> - Reading data identifier : 0xf188 (VehicleManufacturerECUSoftwareNumberDataIdentifier)
2020-05-31 20:54:12 [DEBUG] Connection: Sending 3 bytes : [b'22f188']
2020-05-31 20:54:12 [DEBUG] Connection: Received 27 bytes : [b'62f188485337542d3134473132312d444200000000000000000000']
2020-05-31 20:54:12 [INFO] UdsClient: Received positive response for service ReadDataByIdentifier (0x22) from server.
2020-05-31 20:54:12 [INFO] UdsClient: ReadDataByIdentifier<0x22> - Reading data identifier : 0xf18c (ECUSerialNumberDataIdentifier)
2020-05-31 20:54:12 [DEBUG] Connection: Sending 3 bytes : [b'22f18c']
2020-05-31 20:54:12 [DEBUG] Connection: Received 19 bytes : [b'62f18c303234362d3334303600000000000000']
2020-05-31 20:54:12 [INFO] UdsClient: Received positive response for service ReadDataByIdentifier (0x22) from server.
2020-05-31 20:55:30 [INFO] Connection: Connection opened
2020-05-31 20:55:30 [INFO] UdsClient: ReadDTCInformation<0x19> - Sending request with subfunction "reportDTCByStatusMask" (0x02).
2020-05-31 20:55:30 [DEBUG] Connection: Sending 3 bytes : [b'19020d']
2020-05-31 20:55:30 [DEBUG] Connection: Received 3 bytes : [b'5902ca']
2020-05-31 20:55:30 [INFO] UdsClient: Received positive response for service ReadDTCInformation (0x19) from server.
2020-05-31 20:55:30 [INFO] Connection: Connection closed
2020-05-31 20:55:56 [INFO] Connection: Connection opened
2020-05-31 20:55:56 [INFO] UdsClient: ReadDTCInformation<0x19> - Sending request with subfunction "reportDTCByStatusMask" (0x02).
2020-05-31 20:55:56 [DEBUG] Connection: Sending 3 bytes : [b'19020d']
2020-05-31 20:55:56 [DEBUG] Connection: Received 3 bytes : [b'5902ca']
2020-05-31 20:55:56 [INFO] UdsClient: Received positive response for service ReadDTCInformation (0x19) from server.
2020-05-31 20:55:56 [INFO] Connection: Connection closed
2020-05-31 20:56:14 [INFO] Connection: Connection opened
2020-05-31 20:56:14 [INFO] UdsClient: ReadDTCInformation<0x19> - Sending request with subfunction "reportDTCByStatusMask" (0x02).
2020-05-31 20:56:14 [DEBUG] Connection: Sending 3 bytes : [b'19020d']
2020-05-31 20:56:14 [DEBUG] Connection: Received 3 bytes : [b'5902ca']
2020-05-31 20:56:14 [INFO] UdsClient: Received positive response for service ReadDTCInformation (0x19) from server.
2020-05-31 20:56:31 [INFO] UdsClient: ECUReset<0x11> - Requesting reset of type 0x01 (hardReset)
2020-05-31 20:56:31 [DEBUG] Connection: Sending 2 bytes : [b'1101']
2020-05-31 20:56:31 [DEBUG] Connection: Received 2 bytes : [b'5101']
2020-05-31 20:56:31 [INFO] UdsClient: Received positive response for service ECUReset (0x11) from server.
2020-05-31 20:56:56 [INFO] UdsClient: ECUReset<0x11> - Requesting reset of type 0x01 (hardReset)
2020-05-31 20:56:56 [DEBUG] Connection: Sending 2 bytes : [b'1101']
2020-05-31 20:56:56 [DEBUG] Connection: Received 2 bytes : [b'5101']
2020-05-31 20:56:56 [INFO] UdsClient: Received positive response for service ECUReset (0x11) from server.
2020-05-31 20:56:58 [INFO] UdsClient: ECUReset<0x11> - Requesting reset of type 0x01 (hardReset)
2020-05-31 20:56:58 [DEBUG] Connection: Sending 2 bytes : [b'1101']
2020-05-31 20:56:58 [DEBUG] Connection: Received 2 bytes : [b'5101']
2020-05-31 20:56:58 [INFO] UdsClient: Received positive response for service ECUReset (0x11) from server.
2020-05-31 20:56:59 [INFO] UdsClient: ECUReset<0x11> - Requesting reset of type 0x01 (hardReset)
2020-05-31 20:56:59 [DEBUG] Connection: Sending 2 bytes : [b'1101']
2020-05-31 20:56:59 [DEBUG] Connection: Received 2 bytes : [b'5101']
2020-05-31 20:56:59 [INFO] UdsClient: Received positive response for service ECUReset (0x11) from server.
2020-05-31 20:57:00 [INFO] UdsClient: ECUReset<0x11> - Requesting reset of type 0x01 (hardReset)
2020-05-31 20:57:00 [DEBUG] Connection: Sending 2 bytes : [b'1101']
2020-05-31 20:57:00 [DEBUG] Connection: Received 2 bytes : [b'5101']
2020-05-31 20:57:00 [INFO] UdsClient: Received positive response for service ECUReset (0x11) from server.
2020-05-31 20:57:04 [INFO] UdsClient: ECUReset<0x11> - Requesting reset of type 0x01 (hardReset)
2020-05-31 20:57:04 [DEBUG] Connection: Sending 2 bytes : [b'1101']
2020-05-31 20:57:04 [DEBUG] Connection: Received 2 bytes : [b'5101']
2020-05-31 20:57:04 [INFO] UdsClient: Received positive response for service ECUReset (0x11) from server.
2020-05-31 20:57:25 [INFO] Connection: Connection closed
2020-05-31 21:46:13 [INFO] Connection: Connection opened
2020-05-31 21:46:13 [INFO] UdsClient: ReadDTCInformation<0x19> - Sending request with subfunction "reportDTCByStatusMask" (0x02).
2020-05-31 21:46:13 [DEBUG] Connection: Sending 3 bytes : [b'19020d']
2020-05-31 21:46:13 [DEBUG] Connection: Received 7 bytes : [b'5902cac212000a']
2020-05-31 21:46:13 [INFO] UdsClient: Received positive response for service ReadDTCInformation (0x19) from server.
2020-05-31 21:46:13 [INFO] Connection: Connection closed
2020-05-31 21:48:33 [INFO] Connection: Connection opened
2020-05-31 21:48:33 [INFO] UdsClient: ReadDataByIdentifier<0x22> - Reading data identifier : 0xf188 (VehicleManufacturerECUSoftwareNumberDataIdentifier)
2020-05-31 21:48:33 [DEBUG] Connection: Sending 3 bytes : [b'22f188']
2020-05-31 21:48:33 [DEBUG] Connection: Received 27 bytes : [b'62f188485337542d3134433032362d484600000000000000000000']
2020-05-31 21:48:33 [INFO] UdsClient: Received positive response for service ReadDataByIdentifier (0x22) from server.
2020-05-31 21:48:33 [INFO] UdsClient: ReadDataByIdentifier<0x22> - Reading data identifier : 0xf18c (ECUSerialNumberDataIdentifier)
2020-05-31 21:48:33 [DEBUG] Connection: Sending 3 bytes : [b'22f18c']
2020-05-31 21:48:33 [DEBUG] Connection: Received 19 bytes : [b'62f18c36333334323030310000000000000000']
2020-05-31 21:48:33 [INFO] UdsClient: Received positive response for service ReadDataByIdentifier (0x22) from server.
2020-05-31 21:49:02 [INFO] Connection: Connection opened
2020-05-31 21:49:02 [INFO] UdsClient: ReadDataByIdentifier<0x22> - Reading data identifier : 0xf188 (VehicleManufacturerECUSoftwareNumberDataIdentifier)
2020-05-31 21:49:02 [DEBUG] Connection: Sending 3 bytes : [b'22f188']
2020-05-31 21:49:03 [DEBUG] Connection: Received 27 bytes : [b'62f188485337542d3134433032362d484600000000000000000000']
2020-05-31 21:49:03 [INFO] UdsClient: Received positive response for service ReadDataByIdentifier (0x22) from server.
2020-05-31 21:49:03 [INFO] UdsClient: ReadDataByIdentifier<0x22> - Reading data identifier : 0xf18c (ECUSerialNumberDataIdentifier)
2020-05-31 21:49:03 [DEBUG] Connection: Sending 3 bytes : [b'22f18c']
2020-05-31 21:49:03 [DEBUG] Connection: Received 19 bytes : [b'62f18c36333334323030310000000000000000']
2020-05-31 21:49:03 [INFO] UdsClient: Received positive response for service ReadDataByIdentifier (0x22) from server.
2020-05-31 21:49:06 [INFO] UdsClient: ReadDataByIdentifier<0x22> - Reading data identifier : 0xf188 (VehicleManufacturerECUSoftwareNumberDataIdentifier)
2020-05-31 21:49:06 [DEBUG] Connection: Sending 3 bytes : [b'22f188']
2020-05-31 21:49:07 [DEBUG] Connection: Received 27 bytes : [b'62f188485337542d3134433032362d484600000000000000000000']
2020-05-31 21:49:07 [INFO] UdsClient: Received positive response for service ReadDataByIdentifier (0x22) from server.
2020-05-31 21:49:07 [INFO] UdsClient: ReadDataByIdentifier<0x22> - Reading data identifier : 0xf18c (ECUSerialNumberDataIdentifier)
2020-05-31 21:49:07 [DEBUG] Connection: Sending 3 bytes : [b'22f18c']
2020-05-31 21:49:07 [DEBUG] Connection: Received 19 bytes : [b'62f18c36333334323030310000000000000000']
2020-05-31 21:49:07 [INFO] UdsClient: Received positive response for service ReadDataByIdentifier (0x22) from server.
2020-05-31 21:49:07 [INFO] Connection: Connection closed
2020-05-31 21:49:39 [INFO] Connection: Connection opened
2020-05-31 21:49:39 [INFO] UdsClient: ReadDataByIdentifier<0x22> - Reading data identifier : 0xf188 (VehicleManufacturerECUSoftwareNumberDataIdentifier)
2020-05-31 21:49:39 [DEBUG] Connection: Sending 3 bytes : [b'22f188']
2020-05-31 21:49:39 [DEBUG] Connection: Received 27 bytes : [b'62f188485337542d3134433032362d484600000000000000000000']
2020-05-31 21:49:39 [INFO] UdsClient: Received positive response for service ReadDataByIdentifier (0x22) from server.
2020-05-31 21:49:39 [INFO] UdsClient: ReadDataByIdentifier<0x22> - Reading data identifier : 0xf18c (ECUSerialNumberDataIdentifier)
2020-05-31 21:49:39 [DEBUG] Connection: Sending 3 bytes : [b'22f18c']
2020-05-31 21:49:39 [DEBUG] Connection: Received 19 bytes : [b'62f18c36333334323030310000000000000000']
2020-05-31 21:49:39 [INFO] UdsClient: Received positive response for service ReadDataByIdentifier (0x22) from server.
2020-05-31 22:22:24 [INFO] Connection: Connection opened
2020-05-31 22:22:24 [INFO] UdsClient: ReadDataByIdentifier<0x22> - Reading data identifier : 0xf188 (VehicleManufacturerECUSoftwareNumberDataIdentifier)
2020-05-31 22:22:24 [DEBUG] Connection: Sending 3 bytes : [b'22f188']
2020-05-31 22:22:24 [DEBUG] Connection: Received 27 bytes : [b'62f188475535542d3134433138342d41414a000000000000000000']
2020-05-31 22:22:24 [INFO] UdsClient: Received positive response for service ReadDataByIdentifier (0x22) from server.
2020-05-31 22:22:24 [INFO] UdsClient: ReadDataByIdentifier<0x22> - Reading data identifier : 0xf18c (ECUSerialNumberDataIdentifier)
2020-05-31 22:22:24 [DEBUG] Connection: Sending 3 bytes : [b'22f18c']
2020-05-31 22:22:24 [DEBUG] Connection: Received 19 bytes : [b'62f18c31363332363139333731390000000000']
2020-05-31 22:22:25 [INFO] UdsClient: Received positive response for service ReadDataByIdentifier (0x22) from server.
2020-05-31 22:22:25 [INFO] UdsClient: ReadDataByIdentifier<0x22> - Reading data identifier : 0xf188 (VehicleManufacturerECUSoftwareNumberDataIdentifier)
2020-05-31 22:22:25 [DEBUG] Connection: Sending 3 bytes : [b'22f188']
2020-05-31 22:22:25 [DEBUG] Connection: Received 27 bytes : [b'62f188475535542d3134433138342d41414a000000000000000000']
2020-05-31 22:22:25 [INFO] UdsClient: Received positive response for service ReadDataByIdentifier (0x22) from server.
2020-05-31 22:22:25 [INFO] UdsClient: ReadDataByIdentifier<0x22> - Reading data identifier : 0xf18c (ECUSerialNumberDataIdentifier)
2020-05-31 22:22:25 [DEBUG] Connection: Sending 3 bytes : [b'22f18c']
2020-05-31 22:22:25 [DEBUG] Connection: Received 19 bytes : [b'62f18c31363332363139333731390000000000']
2020-05-31 22:22:25 [INFO] UdsClient: Received positive response for service ReadDataByIdentifier (0x22) from server.
2020-05-31 22:22:25 [INFO] Connection: Connection closed
2020-05-31 22:23:26 [INFO] Connection: Connection opened
2020-05-31 22:23:26 [INFO] UdsClient: ReadDataByIdentifier<0x22> - Reading data identifier : 0xf188 (VehicleManufacturerECUSoftwareNumberDataIdentifier)
2020-05-31 22:23:26 [DEBUG] Connection: Sending 3 bytes : [b'22f188']
2020-05-31 22:23:26 [DEBUG] Connection: Received 27 bytes : [b'62f188475535542d3134433138342d41414a000000000000000000']
2020-05-31 22:23:26 [INFO] UdsClient: Received positive response for service ReadDataByIdentifier (0x22) from server.
2020-05-31 22:23:26 [INFO] UdsClient: ReadDataByIdentifier<0x22> - Reading data identifier : 0xf18c (ECUSerialNumberDataIdentifier)
2020-05-31 22:23:26 [DEBUG] Connection: Sending 3 bytes : [b'22f18c']
2020-05-31 22:23:26 [DEBUG] Connection: Received 19 bytes : [b'62f18c31363332363139333731390000000000']
2020-05-31 22:23:26 [INFO] UdsClient: Received positive response for service ReadDataByIdentifier (0x22) from server.
2020-05-31 22:23:26 [INFO] UdsClient: ReadDataByIdentifier<0x22> - Reading data identifier : 0xf188 (VehicleManufacturerECUSoftwareNumberDataIdentifier)
2020-05-31 22:23:26 [DEBUG] Connection: Sending 3 bytes : [b'22f188']
2020-05-31 22:23:27 [DEBUG] Connection: Received 27 bytes : [b'62f188475535542d3134433138342d41414a000000000000000000']
2020-05-31 22:23:27 [INFO] UdsClient: Received positive response for service ReadDataByIdentifier (0x22) from server.
2020-05-31 22:23:27 [INFO] UdsClient: ReadDataByIdentifier<0x22> - Reading data identifier : 0xf18c (ECUSerialNumberDataIdentifier)
2020-05-31 22:23:27 [DEBUG] Connection: Sending 3 bytes : [b'22f18c']
2020-05-31 22:23:27 [DEBUG] Connection: Received 19 bytes : [b'62f18c31363332363139333731390000000000']
2020-05-31 22:23:27 [INFO] UdsClient: Received positive response for service ReadDataByIdentifier (0x22) from server.
2020-05-31 22:23:27 [INFO] Connection: Connection closed
